<?xml version="1.0" encoding="UTF-8"?>
<testsuite name="FibonacciIndexEdgeCaseTests" tests="2" skipped="0" failures="0" errors="0" timestamp="2016-07-21T16:12:08" hostname="Fatemas-MacBook-Air.local" time="0.003">
  <properties/>
  <testcase name="cannotFindIndexOfNegativeNumber" classname="FibonacciIndexEdgeCaseTests" time="0.002"/>
  <testcase name="whenNumberNotFoundThenIndexIsMinusOne" classname="FibonacciIndexEdgeCaseTests" time="0.0"/>
  <system-out><![CDATA[]]></system-out>
  <system-err><![CDATA[]]></system-err>
</testsuite>
