<?xml version="1.0" encoding="UTF-8"?>
<testsuite name="FibonacciIndexerHappyPathTests" tests="9" skipped="0" failures="0" errors="0" timestamp="2016-07-21T16:12:08" hostname="Fatemas-MacBook-Air.local" time="0.003">
  <properties/>
  <testcase name="findsIndexOfFibonacciNumber[0]" classname="FibonacciIndexerHappyPathTests" time="0.0"/>
  <testcase name="findsIndexOfFibonacciNumber[1]" classname="FibonacciIndexerHappyPathTests" time="0.0"/>
  <testcase name="findsIndexOfFibonacciNumber[2]" classname="FibonacciIndexerHappyPathTests" time="0.0"/>
  <testcase name="findsIndexOfFibonacciNumber[3]" classname="FibonacciIndexerHappyPathTests" time="0.0"/>
  <testcase name="findsIndexOfFibonacciNumber[4]" classname="FibonacciIndexerHappyPathTests" time="0.0"/>
  <testcase name="findsIndexOfFibonacciNumber[5]" classname="FibonacciIndexerHappyPathTests" time="0.0"/>
  <testcase name="findsIndexOfFibonacciNumber[6]" classname="FibonacciIndexerHappyPathTests" time="0.0"/>
  <testcase name="findsIndexOfFibonacciNumber[7]" classname="FibonacciIndexerHappyPathTests" time="0.0"/>
  <testcase name="findsIndexOfFibonacciNumber[8]" classname="FibonacciIndexerHappyPathTests" time="0.0"/>
  <system-out><![CDATA[]]></system-out>
  <system-err><![CDATA[]]></system-err>
</testsuite>
