<?xml version="1.0" encoding="UTF-8"?>
<testsuite name="FibonacciIndexTests" tests="27" skipped="0" failures="0" errors="0" timestamp="2016-07-21T16:12:07" hostname="Fatemas-MacBook-Air.local" time="0.018">
  <properties/>
  <testcase name="findsIndexOfFibonacciNumber[0]" classname="FibonacciIndexTests" time="0.001"/>
  <testcase name="cannotFindIndexOfNegativeNumber[0]" classname="FibonacciIndexTests" time="0.0"/>
  <testcase name="whenNumberNotFoundThenIndexIsMinusOne[0]" classname="FibonacciIndexTests" time="0.0"/>
  <testcase name="findsIndexOfFibonacciNumber[1]" classname="FibonacciIndexTests" time="0.0"/>
  <testcase name="cannotFindIndexOfNegativeNumber[1]" classname="FibonacciIndexTests" time="0.0"/>
  <testcase name="whenNumberNotFoundThenIndexIsMinusOne[1]" classname="FibonacciIndexTests" time="0.0"/>
  <testcase name="findsIndexOfFibonacciNumber[2]" classname="FibonacciIndexTests" time="0.0"/>
  <testcase name="cannotFindIndexOfNegativeNumber[2]" classname="FibonacciIndexTests" time="0.0"/>
  <testcase name="whenNumberNotFoundThenIndexIsMinusOne[2]" classname="FibonacciIndexTests" time="0.0"/>
  <testcase name="findsIndexOfFibonacciNumber[3]" classname="FibonacciIndexTests" time="0.0"/>
  <testcase name="cannotFindIndexOfNegativeNumber[3]" classname="FibonacciIndexTests" time="0.001"/>
  <testcase name="whenNumberNotFoundThenIndexIsMinusOne[3]" classname="FibonacciIndexTests" time="0.0"/>
  <testcase name="findsIndexOfFibonacciNumber[4]" classname="FibonacciIndexTests" time="0.0"/>
  <testcase name="cannotFindIndexOfNegativeNumber[4]" classname="FibonacciIndexTests" time="0.001"/>
  <testcase name="whenNumberNotFoundThenIndexIsMinusOne[4]" classname="FibonacciIndexTests" time="0.0"/>
  <testcase name="findsIndexOfFibonacciNumber[5]" classname="FibonacciIndexTests" time="0.0"/>
  <testcase name="cannotFindIndexOfNegativeNumber[5]" classname="FibonacciIndexTests" time="0.0"/>
  <testcase name="whenNumberNotFoundThenIndexIsMinusOne[5]" classname="FibonacciIndexTests" time="0.0"/>
  <testcase name="findsIndexOfFibonacciNumber[6]" classname="FibonacciIndexTests" time="0.0"/>
  <testcase name="cannotFindIndexOfNegativeNumber[6]" classname="FibonacciIndexTests" time="0.0"/>
  <testcase name="whenNumberNotFoundThenIndexIsMinusOne[6]" classname="FibonacciIndexTests" time="0.001"/>
  <testcase name="findsIndexOfFibonacciNumber[7]" classname="FibonacciIndexTests" time="0.0"/>
  <testcase name="cannotFindIndexOfNegativeNumber[7]" classname="FibonacciIndexTests" time="0.0"/>
  <testcase name="whenNumberNotFoundThenIndexIsMinusOne[7]" classname="FibonacciIndexTests" time="0.0"/>
  <testcase name="findsIndexOfFibonacciNumber[8]" classname="FibonacciIndexTests" time="0.0"/>
  <testcase name="cannotFindIndexOfNegativeNumber[8]" classname="FibonacciIndexTests" time="0.0"/>
  <testcase name="whenNumberNotFoundThenIndexIsMinusOne[8]" classname="FibonacciIndexTests" time="0.0"/>
  <system-out><![CDATA[]]></system-out>
  <system-err><![CDATA[]]></system-err>
</testsuite>
